<?xml version="1.0" encoding="UTF-8"?>
<!-- Generated by org.testng.reporters.JUnitReportReporter -->
<testsuite hostname="suman" failures="0" tests="1" name="GeneralStoreApp.LoginTest" time="21.043" errors="0" timestamp="2024-08-06T20:14:02 IST" skipped="0">
  <testcase classname="GeneralStoreApp.LoginTest" name="login" time="21.043"/>
</testsuite> <!-- GeneralStoreApp.LoginTest -->
