<?xml version="1.0" encoding="UTF-8"?>
<!-- Generated by org.testng.reporters.JUnitReportReporter -->
<testsuite hostname="suman" failures="0" tests="2" name="appiumTestingDemo.ScrollDownGesture" time="6.473" errors="0" timestamp="2024-08-06T19:49:26 IST" skipped="1">
  <testcase classname="appiumTestingDemo.ScrollDownGesture" name="swipeFunction" time="6.473"/>
  <testcase classname="appiumTestingDemo.ScrollDownGesture" name="scrollFunction">
    <skipped/>
  </testcase> <!-- scrollFunction -->
</testsuite> <!-- appiumTestingDemo.ScrollDownGesture -->
