<?xml version="1.0" encoding="UTF-8"?>
<!-- Generated by org.testng.reporters.JUnitReportReporter -->
<testsuite hostname="suman" failures="0" tests="1" name="appiumTestingDemo.TC_001" time="13.650" errors="0" timestamp="2024-08-04T16:16:23 IST" skipped="0">
  <testcase classname="appiumTestingDemo.TC_001" name="wifiSettings" time="13.650"/>
</testsuite> <!-- appiumTestingDemo.TC_001 -->
