<?xml version="1.0" encoding="UTF-8"?>
<!-- Generated by org.testng.reporters.JUnitReportReporter -->
<testsuite hostname="suman" failures="0" tests="1" name="appiumTestingDemo.BaseClass" time="23.240" errors="0" timestamp="2024-08-04T15:38:39 IST" skipped="0">
  <testcase classname="appiumTestingDemo.BaseClass" name="configureAppium" time="23.240"/>
</testsuite> <!-- appiumTestingDemo.BaseClass -->
